Experiemnts on dataset: tuandromd
python -W ignore adv_train.py -d tuandromd -e 50 -c 6
Config Used : ./config/tuandromd.yaml
Warning: Error reading runtime config file, default configuration is being used
python -W ignore adv_train.py -d tuandromd -e 50 -rl 1 -mc 0.25 -at scale -c 6
Config Used : ./config/tuandromd.yaml
Warning: Error reading runtime config file, default configuration is being used
python -W ignore adv_train.py -d tuandromd -e 50 -rl 1 -mc 0.25 -at model_replacement -c 6
Config Used : ./config/tuandromd.yaml
Warning: Error reading runtime config file, default configuration is being used
python -W ignore adv_train.py -d tuandromd -e 50 -rl 1 -mc 0.25 -at direction -c 6
Config Used : ./config/tuandromd.yaml
Warning: Error reading runtime config file, default configuration is being used
python -W ignore adv_train.py -d tuandromd -e 50 -rl 1 -mc 0.25 -at gradient_ascent -c 6
Config Used : ./config/tuandromd.yaml
Warning: Error reading runtime config file, default configuration is being used
python -W ignore adv_train.py -d tuandromd -e 50 -rl 1 -mc 0.25 -at targeted -c 6
Config Used : ./config/tuandromd.yaml
Warning: Error reading runtime config file, default configuration is being used
python -W ignore adv_train.py -d tuandromd -e 50 -rl 1 -mc 0.5 -at scale -c 6
Config Used : ./config/tuandromd.yaml
Warning: Error reading runtime config file, default configuration is being used
python -W ignore adv_train.py -d tuandromd -e 50 -rl 1 -mc 0.5 -at model_replacement -c 6
Config Used : ./config/tuandromd.yaml
Warning: Error reading runtime config file, default configuration is being used
python -W ignore adv_train.py -d tuandromd -e 50 -rl 1 -mc 0.5 -at direction -c 6
Config Used : ./config/tuandromd.yaml
Warning: Error reading runtime config file, default configuration is being used
python -W ignore adv_train.py -d tuandromd -e 50 -rl 1 -mc 0.5 -at gradient_ascent -c 6
Config Used : ./config/tuandromd.yaml
Warning: Error reading runtime config file, default configuration is being used
python -W ignore adv_train.py -d tuandromd -e 50 -rl 1 -mc 0.5 -at targeted -c 6
Config Used : ./config/tuandromd.yaml
Warning: Error reading runtime config file, default configuration is being used
python -W ignore adv_train.py -d tuandromd -e 50 -rl 1 -mc 0.75 -at scale -c 6
Config Used : ./config/tuandromd.yaml
Warning: Error reading runtime config file, default configuration is being used
python -W ignore adv_train.py -d tuandromd -e 50 -rl 1 -mc 0.75 -at model_replacement -c 6
Config Used : ./config/tuandromd.yaml
Warning: Error reading runtime config file, default configuration is being used
python -W ignore adv_train.py -d tuandromd -e 50 -rl 1 -mc 0.75 -at direction -c 6
Config Used : ./config/tuandromd.yaml
Warning: Error reading runtime config file, default configuration is being used
python -W ignore adv_train.py -d tuandromd -e 50 -rl 1 -mc 0.75 -at gradient_ascent -c 6
Config Used : ./config/tuandromd.yaml
Warning: Error reading runtime config file, default configuration is being used
python -W ignore adv_train.py -d tuandromd -e 50 -rl 1 -mc 0.75 -at targeted -c 6
Config Used : ./config/tuandromd.yaml
Warning: Error reading runtime config file, default configuration is being used
python -W ignore adv_train.py -d tuandromd -e 50 -rl 0.25 -mc 0.25 -at scale -c 6
Config Used : ./config/tuandromd.yaml
Warning: Error reading runtime config file, default configuration is being used
python -W ignore adv_train.py -d tuandromd -e 50 -rl 0.25 -mc 0.25 -at model_replacement -c 6
Config Used : ./config/tuandromd.yaml
Warning: Error reading runtime config file, default configuration is being used
python -W ignore adv_train.py -d tuandromd -e 50 -rl 0.25 -mc 0.25 -at direction -c 6
Config Used : ./config/tuandromd.yaml
Warning: Error reading runtime config file, default configuration is being used
python -W ignore adv_train.py -d tuandromd -e 50 -rl 0.25 -mc 0.25 -at gradient_ascent -c 6
Config Used : ./config/tuandromd.yaml
Warning: Error reading runtime config file, default configuration is being used
python -W ignore adv_train.py -d tuandromd -e 50 -rl 0.25 -mc 0.25 -at targeted -c 6
Config Used : ./config/tuandromd.yaml
Warning: Error reading runtime config file, default configuration is being used
python -W ignore adv_train.py -d tuandromd -e 50 -rl 0.25 -mc 0.5 -at scale -c 6
Config Used : ./config/tuandromd.yaml
Warning: Error reading runtime config file, default configuration is being used
python -W ignore adv_train.py -d tuandromd -e 50 -rl 0.25 -mc 0.5 -at model_replacement -c 6
Config Used : ./config/tuandromd.yaml
Warning: Error reading runtime config file, default configuration is being used
python -W ignore adv_train.py -d tuandromd -e 50 -rl 0.25 -mc 0.5 -at direction -c 6
Config Used : ./config/tuandromd.yaml
Warning: Error reading runtime config file, default configuration is being used
python -W ignore adv_train.py -d tuandromd -e 50 -rl 0.25 -mc 0.5 -at gradient_ascent -c 6
Config Used : ./config/tuandromd.yaml
Warning: Error reading runtime config file, default configuration is being used
python -W ignore adv_train.py -d tuandromd -e 50 -rl 0.25 -mc 0.5 -at targeted -c 6
Config Used : ./config/tuandromd.yaml
Warning: Error reading runtime config file, default configuration is being used
python -W ignore adv_train.py -d tuandromd -e 50 -rl 0.25 -mc 0.75 -at scale -c 6
Config Used : ./config/tuandromd.yaml
Warning: Error reading runtime config file, default configuration is being used
python -W ignore adv_train.py -d tuandromd -e 50 -rl 0.25 -mc 0.75 -at model_replacement -c 6
Config Used : ./config/tuandromd.yaml
Warning: Error reading runtime config file, default configuration is being used
python -W ignore adv_train.py -d tuandromd -e 50 -rl 0.25 -mc 0.75 -at direction -c 6
Config Used : ./config/tuandromd.yaml
Warning: Error reading runtime config file, default configuration is being used
python -W ignore adv_train.py -d tuandromd -e 50 -rl 0.25 -mc 0.75 -at gradient_ascent -c 6
Config Used : ./config/tuandromd.yaml
Warning: Error reading runtime config file, default configuration is being used
python -W ignore adv_train.py -d tuandromd -e 50 -rl 0.25 -mc 0.75 -at targeted -c 6
Config Used : ./config/tuandromd.yaml
Warning: Error reading runtime config file, default configuration is being used
python -W ignore adv_train.py -d tuandromd -e 50 -rl 0.5 -mc 0.25 -at scale -c 6
Config Used : ./config/tuandromd.yaml
Warning: Error reading runtime config file, default configuration is being used
python -W ignore adv_train.py -d tuandromd -e 50 -rl 0.5 -mc 0.25 -at model_replacement -c 6
Config Used : ./config/tuandromd.yaml
Warning: Error reading runtime config file, default configuration is being used
python -W ignore adv_train.py -d tuandromd -e 50 -rl 0.5 -mc 0.25 -at direction -c 6
Config Used : ./config/tuandromd.yaml
Warning: Error reading runtime config file, default configuration is being used
python -W ignore adv_train.py -d tuandromd -e 50 -rl 0.5 -mc 0.25 -at gradient_ascent -c 6
Config Used : ./config/tuandromd.yaml
Warning: Error reading runtime config file, default configuration is being used
python -W ignore adv_train.py -d tuandromd -e 50 -rl 0.5 -mc 0.25 -at targeted -c 6
Config Used : ./config/tuandromd.yaml
Warning: Error reading runtime config file, default configuration is being used
python -W ignore adv_train.py -d tuandromd -e 50 -rl 0.5 -mc 0.5 -at scale -c 6
Config Used : ./config/tuandromd.yaml
Warning: Error reading runtime config file, default configuration is being used
python -W ignore adv_train.py -d tuandromd -e 50 -rl 0.5 -mc 0.5 -at model_replacement -c 6
Config Used : ./config/tuandromd.yaml
Warning: Error reading runtime config file, default configuration is being used
python -W ignore adv_train.py -d tuandromd -e 50 -rl 0.5 -mc 0.5 -at direction -c 6
Config Used : ./config/tuandromd.yaml
Warning: Error reading runtime config file, default configuration is being used
python -W ignore adv_train.py -d tuandromd -e 50 -rl 0.5 -mc 0.5 -at gradient_ascent -c 6
Config Used : ./config/tuandromd.yaml
Warning: Error reading runtime config file, default configuration is being used
python -W ignore adv_train.py -d tuandromd -e 50 -rl 0.5 -mc 0.5 -at targeted -c 6
Config Used : ./config/tuandromd.yaml
Warning: Error reading runtime config file, default configuration is being used
python -W ignore adv_train.py -d tuandromd -e 50 -rl 0.5 -mc 0.75 -at scale -c 6
Config Used : ./config/tuandromd.yaml
Warning: Error reading runtime config file, default configuration is being used
python -W ignore adv_train.py -d tuandromd -e 50 -rl 0.5 -mc 0.75 -at model_replacement -c 6
Config Used : ./config/tuandromd.yaml
Warning: Error reading runtime config file, default configuration is being used
python -W ignore adv_train.py -d tuandromd -e 50 -rl 0.5 -mc 0.75 -at direction -c 6
Config Used : ./config/tuandromd.yaml
Warning: Error reading runtime config file, default configuration is being used
python -W ignore adv_train.py -d tuandromd -e 50 -rl 0.5 -mc 0.75 -at gradient_ascent -c 6
Config Used : ./config/tuandromd.yaml
Warning: Error reading runtime config file, default configuration is being used
python -W ignore adv_train.py -d tuandromd -e 50 -rl 0.5 -mc 0.75 -at targeted -c 6
Config Used : ./config/tuandromd.yaml
Warning: Error reading runtime config file, default configuration is being used
python -W ignore adv_train.py -d tuandromd -e 50 -rl 0.75 -mc 0.25 -at scale -c 6
Config Used : ./config/tuandromd.yaml
Warning: Error reading runtime config file, default configuration is being used
python -W ignore adv_train.py -d tuandromd -e 50 -rl 0.75 -mc 0.25 -at model_replacement -c 6
Config Used : ./config/tuandromd.yaml
Warning: Error reading runtime config file, default configuration is being used
python -W ignore adv_train.py -d tuandromd -e 50 -rl 0.75 -mc 0.25 -at direction -c 6
Config Used : ./config/tuandromd.yaml
Warning: Error reading runtime config file, default configuration is being used
python -W ignore adv_train.py -d tuandromd -e 50 -rl 0.75 -mc 0.25 -at gradient_ascent -c 6
Config Used : ./config/tuandromd.yaml
Warning: Error reading runtime config file, default configuration is being used
python -W ignore adv_train.py -d tuandromd -e 50 -rl 0.75 -mc 0.25 -at targeted -c 6
Config Used : ./config/tuandromd.yaml
Warning: Error reading runtime config file, default configuration is being used
python -W ignore adv_train.py -d tuandromd -e 50 -rl 0.75 -mc 0.5 -at scale -c 6
Config Used : ./config/tuandromd.yaml
Warning: Error reading runtime config file, default configuration is being used
python -W ignore adv_train.py -d tuandromd -e 50 -rl 0.75 -mc 0.5 -at model_replacement -c 6
Config Used : ./config/tuandromd.yaml
Warning: Error reading runtime config file, default configuration is being used
python -W ignore adv_train.py -d tuandromd -e 50 -rl 0.75 -mc 0.5 -at direction -c 6
Config Used : ./config/tuandromd.yaml
Warning: Error reading runtime config file, default configuration is being used
python -W ignore adv_train.py -d tuandromd -e 50 -rl 0.75 -mc 0.5 -at gradient_ascent -c 6
Config Used : ./config/tuandromd.yaml
Warning: Error reading runtime config file, default configuration is being used
python -W ignore adv_train.py -d tuandromd -e 50 -rl 0.75 -mc 0.5 -at targeted -c 6
Config Used : ./config/tuandromd.yaml
Warning: Error reading runtime config file, default configuration is being used
python -W ignore adv_train.py -d tuandromd -e 50 -rl 0.75 -mc 0.75 -at scale -c 6
Config Used : ./config/tuandromd.yaml
Warning: Error reading runtime config file, default configuration is being used
python -W ignore adv_train.py -d tuandromd -e 50 -rl 0.75 -mc 0.75 -at model_replacement -c 6
Config Used : ./config/tuandromd.yaml
Warning: Error reading runtime config file, default configuration is being used
python -W ignore adv_train.py -d tuandromd -e 50 -rl 0.75 -mc 0.75 -at direction -c 6
Config Used : ./config/tuandromd.yaml
Warning: Error reading runtime config file, default configuration is being used
python -W ignore adv_train.py -d tuandromd -e 50 -rl 0.75 -mc 0.75 -at gradient_ascent -c 6
Config Used : ./config/tuandromd.yaml
Warning: Error reading runtime config file, default configuration is being used
python -W ignore adv_train.py -d tuandromd -e 50 -rl 0.75 -mc 0.75 -at targeted -c 6
Config Used : ./config/tuandromd.yaml
Warning: Error reading runtime config file, default configuration is being used
